Unity Editor version:    2021.1.19f1 (5f5eb8bbdc25)
Branch:                  2021.1/staging
Build type:              Release
Batch mode:              YES
macOS version:           Version 11.6.1 (Build 20G224)
Darwin version:          20.6.0
Architecture:            x86_64
Running under Rosetta:   NO
Available memory:        16384 MB
Using pre-set license
Pro License: NO
Pro License: NO

COMMAND LINE ARGUMENTS:
/Applications/Unity/Hub/Editor/2021.1.19f1/Unity.app/Contents/MacOS/Unity
-adb2
-batchMode
-noUpm
-name
AssetImportWorker0
-projectPath
/Users/jvolcy/Documents/unity/My project
-logFile
Logs/AssetImportWorker0.log
-srvPort
56109
Successfully changed project path to: /Users/jvolcy/Documents/unity/My project
/Users/jvolcy/Documents/unity/My project
Using Asset Import Pipeline V2.
Refreshing native plugins compatible for Editor in 86.16 ms, found 2 plugins.
Preloading 0 native plugins for Editor in 0.00 ms.
Initialize engine version: 2021.1.19f1 (5f5eb8bbdc25)
[Subsystems] Discovering subsystems at path /Applications/Unity/Hub/Editor/2021.1.19f1/Unity.app/Contents/Resources/UnitySubsystems
[Subsystems] Discovering subsystems at path /Users/jvolcy/Documents/unity/My project/Assets
GfxDevice: creating device client; threaded=0; jobified=0
2022-02-02 16:06:57.014 Unity[42434:1637627] Color LCD preferred device: Intel(R) Iris(TM) Plus Graphics (low power)
2022-02-02 16:06:57.014 Unity[42434:1637627] Metal devices available: 1
2022-02-02 16:06:57.014 Unity[42434:1637627] 0: Intel(R) Iris(TM) Plus Graphics (low power)
2022-02-02 16:06:57.014 Unity[42434:1637627] Using device Intel(R) Iris(TM) Plus Graphics (low power)
Initializing Metal device caps: Intel(R) Iris(TM) Plus Graphics
Initialize mono
Mono path[0] = '/Applications/Unity/Hub/Editor/2021.1.19f1/Unity.app/Contents/Managed'
Mono path[1] = '/Applications/Unity/Hub/Editor/2021.1.19f1/Unity.app/Contents/MonoBleedingEdge/lib/mono/unityjit'
Mono config path = '/Applications/Unity/Hub/Editor/2021.1.19f1/Unity.app/Contents/MonoBleedingEdge/etc'
Using monoOptions --debugger-agent=transport=dt_socket,embedding=1,server=y,suspend=n,address=127.0.0.1:56434
Begin MonoManager ReloadAssembly
Registering precompiled unity dll's ...
Register platform support module: /Applications/Unity/Hub/Editor/2021.1.19f1/PlaybackEngines/WebGLSupport/UnityEditor.WebGL.Extensions.dll
Register platform support module: /Applications/Unity/Hub/Editor/2021.1.19f1/Unity.app/Contents/PlaybackEngines/MacStandaloneSupport/UnityEditor.OSXStandalone.Extensions.dll
Registered in 0.004469 seconds.
Native extension for OSXStandalone target not found
Native extension for WebGL target not found
Refreshing native plugins compatible for Editor in 85.94 ms, found 2 plugins.
Preloading 0 native plugins for Editor in 0.00 ms.
Mono: successfully reloaded assembly
- Completed reload, in  5.453 seconds
Domain Reload Profiling:
	ReloadAssembly (5453ms)
		BeginReloadAssembly (152ms)
			ExecutionOrderSort (0ms)
			DisableScriptedObjects (0ms)
			BackupInstance (0ms)
			ReleaseScriptingObjects (0ms)
			CreateAndSetChildDomain (1ms)
		EndReloadAssembly (688ms)
			LoadAssemblies (153ms)
			RebuildTransferFunctionScriptingTraits (0ms)
			SetupTypeCache (257ms)
			ReleaseScriptCaches (0ms)
			RebuildScriptCaches (50ms)
			SetupLoadedEditorAssemblies (315ms)
				LogAssemblyErrors (0ms)
				InitializePlatformSupportModulesInManaged (9ms)
				SetLoadedEditorAssemblies (0ms)
				RefreshPlugins (86ms)
				BeforeProcessingInitializeOnLoad (2ms)
				ProcessInitializeOnLoadAttributes (174ms)
				ProcessInitializeOnLoadMethodAttributes (43ms)
				AfterProcessingInitializeOnLoad (0ms)
				EditorAssembliesLoaded (0ms)
			ExecutionOrderSort2 (0ms)
			AwakeInstancesAfterBackupRestoration (0ms)
Platform modules already initialized, skipping
Registering precompiled user dll's ...
Registered in 0.011747 seconds.
Begin MonoManager ReloadAssembly
Symbol file LoadedFromMemory doesn't match image /Users/jvolcy/Documents/unity/My project/Library/PackageCache/com.unity.visualscripting@1.6.1/Editor/VisualScripting.Core/Dependencies/YamlDotNet/Unity.VisualScripting.YamlDotNet.dll
Symbol file LoadedFromMemory doesn't match image /Users/jvolcy/Documents/unity/My project/Library/PackageCache/com.unity.visualscripting@1.6.1/Editor/VisualScripting.Core/Dependencies/DotNetZip/Unity.VisualScripting.IonicZip.dll
Native extension for OSXStandalone target not found
Native extension for WebGL target not found
Refreshing native plugins compatible for Editor in 0.58 ms, found 2 plugins.
Preloading 0 native plugins for Editor in 0.00 ms.
Mono: successfully reloaded assembly
- Completed reload, in  1.769 seconds
Domain Reload Profiling:
	ReloadAssembly (1771ms)
		BeginReloadAssembly (300ms)
			ExecutionOrderSort (0ms)
			DisableScriptedObjects (9ms)
			BackupInstance (0ms)
			ReleaseScriptingObjects (0ms)
			CreateAndSetChildDomain (44ms)
		EndReloadAssembly (1386ms)
			LoadAssemblies (217ms)
			RebuildTransferFunctionScriptingTraits (0ms)
			SetupTypeCache (520ms)
			ReleaseScriptCaches (0ms)
			RebuildScriptCaches (80ms)
			SetupLoadedEditorAssemblies (492ms)
				LogAssemblyErrors (0ms)
				InitializePlatformSupportModulesInManaged (8ms)
				SetLoadedEditorAssemblies (1ms)
				RefreshPlugins (1ms)
				BeforeProcessingInitializeOnLoad (72ms)
				ProcessInitializeOnLoadAttributes (400ms)
				ProcessInitializeOnLoadMethodAttributes (9ms)
				AfterProcessingInitializeOnLoad (2ms)
				EditorAssembliesLoaded (0ms)
			ExecutionOrderSort2 (0ms)
			AwakeInstancesAfterBackupRestoration (9ms)
Platform modules already initialized, skipping
========================================================================
Worker process is ready to serve import requests
Launching external process: /Applications/Unity/Hub/Editor/2021.1.19f1/Unity.app/Contents/Tools/UnityShaderCompiler
Launched and connected shader compiler UnityShaderCompiler after 0.03 seconds
Refreshing native plugins compatible for Editor in 0.53 ms, found 2 plugins.
Preloading 0 native plugins for Editor in 0.00 ms.
Unloading 2948 Unused Serialized files (Serialized files now loaded: 0)
System memory in use before: 218.0 MB.
System memory in use after: 218.2 MB.

Unloading 20 unused Assets to reduce memory usage. Loaded Objects now: 3394.
Total: 3.286960 ms (FindLiveObjects: 0.220153 ms CreateObjectMapping: 0.101050 ms MarkObjects: 2.894016 ms  DeleteObjects: 0.070433 ms)

AssetImportParameters requested are different than current active one (requested -> active):
  custom:video-decoder-ogg-theora: a1e56fd34408186e4bbccfd4996cb3dc -> 
  custom:container-muxer-webm: aa71ff27fc2769a1b78a27578f13a17b -> 
  custom:container-demuxer-webm: 4f35f7cbe854078d1ac9338744f61a02 -> 
  custom:container-demuxer-ogg: 62fdf1f143b41e24485cea50d1cbac27 -> 
  custom:video-encoder-webm-vp8: eb34c28f22e8b96e1ab97ce403110664 -> 
  custom:framework-osx-AVFoundation: e770b220cccbd017edd2c1fefb359320 -> 
  custom:video-decoder-webm-vp8: 9c59270c3fd7afecdb556c50c9e8de78 -> 
  custom:audio-decoder-ogg-vorbis: bf7c407c2cedff20999df2af8eb42d56 -> 
  custom:audio-encoder-webm-vorbis: bf7c407c2cedff20999df2af8eb42d56 -> 
========================================================================
Received Import Request.
  path: Assets/2016_NISSAN_VERSA__NOTE__SR_(-y_forward_z_up).fbx
  artifactKey: Guid(b93cf23dc6bfd4d2fbd95084a1dd4c11) Importer(815301076,1909f56bfc062723c751e8b465ee728b)
Start importing Assets/2016_NISSAN_VERSA__NOTE__SR_(-y_forward_z_up).fbx using Guid(b93cf23dc6bfd4d2fbd95084a1dd4c11) Importer(815301076,1909f56bfc062723c751e8b465ee728b)  -> (artifact id: '51826f6c215df750d6b7ec32c5511526') in 1.848305 seconds 
========================================================================
Received Import Request.
  Time since last request: 71.025166 seconds.
  path: Assets/2016_NISSAN_VERSA__NOTE__SR_(-y_forward_z_up).fbx
  artifactKey: Guid(b93cf23dc6bfd4d2fbd95084a1dd4c11) Importer(815301076,1909f56bfc062723c751e8b465ee728b)
Start importing Assets/2016_NISSAN_VERSA__NOTE__SR_(-y_forward_z_up).fbx using Guid(b93cf23dc6bfd4d2fbd95084a1dd4c11) Importer(815301076,1909f56bfc062723c751e8b465ee728b)  -> (artifact id: '37436d0d959563537de35de97439adbb') in 0.323796 seconds 
========================================================================
Received Import Request.
  Time since last request: 0.000414 seconds.
  path: Assets/Interior Cloth 2.mat
  artifactKey: Guid(948d293dab69b488eb0b909aa27939ca) Importer(815301076,1909f56bfc062723c751e8b465ee728b)
Start importing Assets/Interior Cloth 2.mat using Guid(948d293dab69b488eb0b909aa27939ca) Importer(815301076,1909f56bfc062723c751e8b465ee728b)  -> (artifact id: '47befe7d99085d1d9fb24b76a26521f7') in 0.414359 seconds 
========================================================================
Received Import Request.
  Time since last request: 0.000481 seconds.
  path: Assets/Plastic 2.mat
  artifactKey: Guid(7ba0fcc0163834fa6aa62192b18af77e) Importer(815301076,1909f56bfc062723c751e8b465ee728b)
Start importing Assets/Plastic 2.mat using Guid(7ba0fcc0163834fa6aa62192b18af77e) Importer(815301076,1909f56bfc062723c751e8b465ee728b)  -> (artifact id: 'b0ae2436501374a7192a17b930901324') in 0.009557 seconds 
========================================================================
Received Import Request.
  Time since last request: 0.000387 seconds.
  path: Assets/Car Paint 1.mat
  artifactKey: Guid(f25446aa9475a4576a0af677a15124d0) Importer(815301076,1909f56bfc062723c751e8b465ee728b)
Start importing Assets/Car Paint 1.mat using Guid(f25446aa9475a4576a0af677a15124d0) Importer(815301076,1909f56bfc062723c751e8b465ee728b)  -> (artifact id: 'dd5126c88829650e3fe5efbcb88d4c14') in 0.014981 seconds 
========================================================================
Received Import Request.
  Time since last request: 0.000371 seconds.
  path: Assets/Brakes.mat
  artifactKey: Guid(ff91a023ccad545ca825d0f45c36e061) Importer(815301076,1909f56bfc062723c751e8b465ee728b)
Start importing Assets/Brakes.mat using Guid(ff91a023ccad545ca825d0f45c36e061) Importer(815301076,1909f56bfc062723c751e8b465ee728b)  -> (artifact id: '81a977f0b559e58fb7e8f17805c0636a') in 0.014599 seconds 
========================================================================
Received Import Request.
  Time since last request: 0.000299 seconds.
  path: Assets/Tires.mat
  artifactKey: Guid(9c0639760192d41898569ea219a93a2a) Importer(815301076,1909f56bfc062723c751e8b465ee728b)
Start importing Assets/Tires.mat using Guid(9c0639760192d41898569ea219a93a2a) Importer(815301076,1909f56bfc062723c751e8b465ee728b)  -> (artifact id: 'c5d2c9022b79f6d39c5f2c5717efeda5') in 0.009019 seconds 
========================================================================
Received Import Request.
  Time since last request: 0.000274 seconds.
  path: Assets/DashBoard Light 1.mat
  artifactKey: Guid(e6e52d7e1a3b8456495ff93aaceb3640) Importer(815301076,1909f56bfc062723c751e8b465ee728b)
Start importing Assets/DashBoard Light 1.mat using Guid(e6e52d7e1a3b8456495ff93aaceb3640) Importer(815301076,1909f56bfc062723c751e8b465ee728b)  -> (artifact id: '7b44fe077d01130cf6f247b4158eda4e') in 0.014981 seconds 
========================================================================
Received Import Request.
  Time since last request: 0.000461 seconds.
  path: Assets/Mirrors.mat
  artifactKey: Guid(35c0cf702ece8468d881d9360fbef1e5) Importer(815301076,1909f56bfc062723c751e8b465ee728b)
Start importing Assets/Mirrors.mat using Guid(35c0cf702ece8468d881d9360fbef1e5) Importer(815301076,1909f56bfc062723c751e8b465ee728b)  -> (artifact id: 'c05f7c11644eefdfca8de8d56a0f731d') in 0.011989 seconds 
========================================================================
Received Import Request.
  Time since last request: 0.000702 seconds.
  path: Assets/Interior Leather 2.mat
  artifactKey: Guid(3bf700afb3b9d481ebebc8ab07fae0ac) Importer(815301076,1909f56bfc062723c751e8b465ee728b)
Start importing Assets/Interior Leather 2.mat using Guid(3bf700afb3b9d481ebebc8ab07fae0ac) Importer(815301076,1909f56bfc062723c751e8b465ee728b)  -> (artifact id: '1c8c3c2e13919c715fa4f890e651f3ba') in 0.011412 seconds 
========================================================================
Received Import Request.
  Time since last request: 0.000452 seconds.
  path: Assets/Front Grill.mat
  artifactKey: Guid(03a392a6239ca499fb6ac0cec6cd7c6b) Importer(815301076,1909f56bfc062723c751e8b465ee728b)
Start importing Assets/Front Grill.mat using Guid(03a392a6239ca499fb6ac0cec6cd7c6b) Importer(815301076,1909f56bfc062723c751e8b465ee728b)  -> (artifact id: 'e6c39e45eb70d357f4bd2c878df976d8') in 0.010840 seconds 
========================================================================
Received Import Request.
  Time since last request: 0.000270 seconds.
  path: Assets/Head Light 1_High Beams.mat
  artifactKey: Guid(35f027f9708d54d0494cf42521a4646b) Importer(815301076,1909f56bfc062723c751e8b465ee728b)
Start importing Assets/Head Light 1_High Beams.mat using Guid(35f027f9708d54d0494cf42521a4646b) Importer(815301076,1909f56bfc062723c751e8b465ee728b)  -> (artifact id: 'ae42a3b237a3215936ab39ad4ccf7363') in 0.012314 seconds 
========================================================================
Received Import Request.
  Time since last request: 0.000416 seconds.
  path: Assets/Turning Signals.L.mat
  artifactKey: Guid(e3188f4da4c904460b8d70fba4b5f4fd) Importer(815301076,1909f56bfc062723c751e8b465ee728b)
Start importing Assets/Turning Signals.L.mat using Guid(e3188f4da4c904460b8d70fba4b5f4fd) Importer(815301076,1909f56bfc062723c751e8b465ee728b)  -> (artifact id: '0e456da0b0c24c644ef13003ab37840e') in 0.012863 seconds 
========================================================================
Received Import Request.
  Time since last request: 0.000658 seconds.
  path: Assets/Interior Ceiling Light.mat
  artifactKey: Guid(a0a66620afda640679d70553319d1fde) Importer(815301076,1909f56bfc062723c751e8b465ee728b)
Start importing Assets/Interior Ceiling Light.mat using Guid(a0a66620afda640679d70553319d1fde) Importer(815301076,1909f56bfc062723c751e8b465ee728b)  -> (artifact id: '3180b0d2d3c2f6434b1a94074af2594e') in 0.015276 seconds 
========================================================================
Received Import Request.
  Time since last request: 0.000406 seconds.
  path: Assets/Windows.mat
  artifactKey: Guid(ed528b3a88b7e469a8f583609f73ac23) Importer(815301076,1909f56bfc062723c751e8b465ee728b)
Start importing Assets/Windows.mat using Guid(ed528b3a88b7e469a8f583609f73ac23) Importer(815301076,1909f56bfc062723c751e8b465ee728b)  -> (artifact id: '2724a2ba149f0142a59bd1bcd0c06ff2') in 0.013301 seconds 
========================================================================
Received Import Request.
  Time since last request: 0.000542 seconds.
  path: Assets/Metal 1.mat
  artifactKey: Guid(33eb3f91ad6ac4e15a6bde754aa4d2c4) Importer(815301076,1909f56bfc062723c751e8b465ee728b)
Start importing Assets/Metal 1.mat using Guid(33eb3f91ad6ac4e15a6bde754aa4d2c4) Importer(815301076,1909f56bfc062723c751e8b465ee728b)  -> (artifact id: '79b9c595ba31b7cd031f7e31ff76b8ad') in 0.011200 seconds 
========================================================================
Received Import Request.
  Time since last request: 0.000353 seconds.
  path: Assets/DashBoard Light_AC.mat
  artifactKey: Guid(d43bc267d27684e1d8abf063fd03a827) Importer(815301076,1909f56bfc062723c751e8b465ee728b)
Start importing Assets/DashBoard Light_AC.mat using Guid(d43bc267d27684e1d8abf063fd03a827) Importer(815301076,1909f56bfc062723c751e8b465ee728b)  -> (artifact id: '1daf388da1545da3e5810dfcee092031') in 0.015032 seconds 
========================================================================
Received Import Request.
  Time since last request: 0.000650 seconds.
  path: Assets/Lambert.mat
  artifactKey: Guid(73820c512cae8408eb363909bde11b18) Importer(815301076,1909f56bfc062723c751e8b465ee728b)
Start importing Assets/Lambert.mat using Guid(73820c512cae8408eb363909bde11b18) Importer(815301076,1909f56bfc062723c751e8b465ee728b)  -> (artifact id: '4e311c52591008daee8d4e0314bd45c1') in 0.009487 seconds 
========================================================================
Received Import Request.
  Time since last request: 0.000477 seconds.
  path: Assets/Interior Leather 1.mat
  artifactKey: Guid(bf7d039e79b034314915733c3a00a495) Importer(815301076,1909f56bfc062723c751e8b465ee728b)
Start importing Assets/Interior Leather 1.mat using Guid(bf7d039e79b034314915733c3a00a495) Importer(815301076,1909f56bfc062723c751e8b465ee728b)  -> (artifact id: 'da9bd218d9a6b7221a7443b1e362c562') in 0.018935 seconds 
========================================================================
Received Import Request.
  Time since last request: 0.000388 seconds.
  path: Assets/Interior Cloth 3.mat
  artifactKey: Guid(2fc5f086ea518411e96ae3257c7434db) Importer(815301076,1909f56bfc062723c751e8b465ee728b)
Start importing Assets/Interior Cloth 3.mat using Guid(2fc5f086ea518411e96ae3257c7434db) Importer(815301076,1909f56bfc062723c751e8b465ee728b)  -> (artifact id: '129f290a78a8d64eec67dc5ab08952a1') in 0.023068 seconds 
========================================================================
Received Import Request.
  Time since last request: 0.000553 seconds.
  path: Assets/Reversal Lights_.mat
  artifactKey: Guid(801848684427d43379ca9232073c04a2) Importer(815301076,1909f56bfc062723c751e8b465ee728b)
Start importing Assets/Reversal Lights_.mat using Guid(801848684427d43379ca9232073c04a2) Importer(815301076,1909f56bfc062723c751e8b465ee728b)  -> (artifact id: '9a04301816073c15d42a9ea676bbc140') in 0.016821 seconds 
========================================================================
Received Import Request.
  Time since last request: 0.000519 seconds.
  path: Assets/Car Paint 2.mat
  artifactKey: Guid(28b54909722a344ad98e0cffa04ac3ce) Importer(815301076,1909f56bfc062723c751e8b465ee728b)
Start importing Assets/Car Paint 2.mat using Guid(28b54909722a344ad98e0cffa04ac3ce) Importer(815301076,1909f56bfc062723c751e8b465ee728b)  -> (artifact id: '10e360dfc40f862e7c310e32ba6ef872') in 0.009821 seconds 
========================================================================
Received Import Request.
  Time since last request: 0.000377 seconds.
  path: Assets/Interior Cloth 1.mat
  artifactKey: Guid(05f06c5b3bfc54d57b11cad744aaf87b) Importer(815301076,1909f56bfc062723c751e8b465ee728b)
Start importing Assets/Interior Cloth 1.mat using Guid(05f06c5b3bfc54d57b11cad744aaf87b) Importer(815301076,1909f56bfc062723c751e8b465ee728b)  -> (artifact id: 'd2bb4380d1a7915e08e8c0ed8a9e667d') in 0.009151 seconds 
========================================================================
Received Import Request.
  Time since last request: 0.000691 seconds.
  path: Assets/LCD Display_.mat
  artifactKey: Guid(f9cf1b994b6444a7aa19247164f5497c) Importer(815301076,1909f56bfc062723c751e8b465ee728b)
Start importing Assets/LCD Display_.mat using Guid(f9cf1b994b6444a7aa19247164f5497c) Importer(815301076,1909f56bfc062723c751e8b465ee728b)  -> (artifact id: 'a80d66542c947d21f08db8735000031d') in 0.015304 seconds 
========================================================================
Received Import Request.
  Time since last request: 0.000476 seconds.
  path: Assets/Brake Light Globe.mat
  artifactKey: Guid(def21f668f2ca41789ad9101f5c87496) Importer(815301076,1909f56bfc062723c751e8b465ee728b)
Start importing Assets/Brake Light Globe.mat using Guid(def21f668f2ca41789ad9101f5c87496) Importer(815301076,1909f56bfc062723c751e8b465ee728b)  -> (artifact id: 'eb72e37c483913d8932154efe4136732') in 0.020873 seconds 
========================================================================
Received Import Request.
  Time since last request: 0.000417 seconds.
  path: Assets/Head Light Globe.mat
  artifactKey: Guid(41232ab98dd4b457796d63c7b58e3d2b) Importer(815301076,1909f56bfc062723c751e8b465ee728b)
Start importing Assets/Head Light Globe.mat using Guid(41232ab98dd4b457796d63c7b58e3d2b) Importer(815301076,1909f56bfc062723c751e8b465ee728b)  -> (artifact id: 'd4ba3a2f1b249d00265cdb990dc7cef5') in 0.020908 seconds 
========================================================================
Received Import Request.
  Time since last request: 0.000411 seconds.
  path: Assets/Metal 2.mat
  artifactKey: Guid(69bf8f70f755d42e983247441be6687a) Importer(815301076,1909f56bfc062723c751e8b465ee728b)
Start importing Assets/Metal 2.mat using Guid(69bf8f70f755d42e983247441be6687a) Importer(815301076,1909f56bfc062723c751e8b465ee728b)  -> (artifact id: 'a250dd84c02211bb8f80832fa9b99eca') in 0.014761 seconds 
========================================================================
Received Import Request.
  Time since last request: 0.000465 seconds.
  path: Assets/Milage Gauge Protector.mat
  artifactKey: Guid(8a17f9dcece9c4b7e9c101125ee54f6f) Importer(815301076,1909f56bfc062723c751e8b465ee728b)
Start importing Assets/Milage Gauge Protector.mat using Guid(8a17f9dcece9c4b7e9c101125ee54f6f) Importer(815301076,1909f56bfc062723c751e8b465ee728b)  -> (artifact id: '659335919a3eaeb0026a2d34590c1778') in 0.015360 seconds 
========================================================================
Received Import Request.
  Time since last request: 0.000359 seconds.
  path: Assets/Plastic 1.mat
  artifactKey: Guid(8dd72a0de8bda4c359b0f1d5c5cabcf1) Importer(815301076,1909f56bfc062723c751e8b465ee728b)
Start importing Assets/Plastic 1.mat using Guid(8dd72a0de8bda4c359b0f1d5c5cabcf1) Importer(815301076,1909f56bfc062723c751e8b465ee728b)  -> (artifact id: '8ed8ebd15029fce0bb14fdf104d86384') in 0.009953 seconds 
========================================================================
Received Import Request.
  Time since last request: 0.000445 seconds.
  path: Assets/Head Light 2_Parking.mat
  artifactKey: Guid(71267a7a14de247179b5c8c551d52109) Importer(815301076,1909f56bfc062723c751e8b465ee728b)
Start importing Assets/Head Light 2_Parking.mat using Guid(71267a7a14de247179b5c8c551d52109) Importer(815301076,1909f56bfc062723c751e8b465ee728b)  -> (artifact id: '9b2f81bc788aa2d3ea3bcb7d2491ac44') in 0.011434 seconds 
========================================================================
Received Import Request.
  Time since last request: 0.000379 seconds.
  path: Assets/Milage Gauge_Display.mat
  artifactKey: Guid(499f6bf4e37e54946bfa33607dcc7a74) Importer(815301076,1909f56bfc062723c751e8b465ee728b)
Start importing Assets/Milage Gauge_Display.mat using Guid(499f6bf4e37e54946bfa33607dcc7a74) Importer(815301076,1909f56bfc062723c751e8b465ee728b)  -> (artifact id: '30b300cabeb5b5f76b60de68bb9d90ae') in 0.019826 seconds 
========================================================================
Received Import Request.
  Time since last request: 0.000488 seconds.
  path: Assets/LCD Display Protector.mat
  artifactKey: Guid(63f2b424f985d4a9190d3557c5d4f407) Importer(815301076,1909f56bfc062723c751e8b465ee728b)
Start importing Assets/LCD Display Protector.mat using Guid(63f2b424f985d4a9190d3557c5d4f407) Importer(815301076,1909f56bfc062723c751e8b465ee728b)  -> (artifact id: 'dd6504b460867bbdac7c33c6b8e5477a') in 0.012039 seconds 
========================================================================
Received Import Request.
  Time since last request: 0.000352 seconds.
  path: Assets/Turning Signals.R.mat
  artifactKey: Guid(d254f0bc02b7f43febac9597ee3ac058) Importer(815301076,1909f56bfc062723c751e8b465ee728b)
Start importing Assets/Turning Signals.R.mat using Guid(d254f0bc02b7f43febac9597ee3ac058) Importer(815301076,1909f56bfc062723c751e8b465ee728b)  -> (artifact id: 'fb60152063ef5add30f3557954697ed7') in 0.021606 seconds 
========================================================================
Received Import Request.
  Time since last request: 0.000372 seconds.
  path: Assets/Reverse Light Globe 1.mat
  artifactKey: Guid(0b570de71caaf40ae9b3707c9d406af3) Importer(815301076,1909f56bfc062723c751e8b465ee728b)
Start importing Assets/Reverse Light Globe 1.mat using Guid(0b570de71caaf40ae9b3707c9d406af3) Importer(815301076,1909f56bfc062723c751e8b465ee728b)  -> (artifact id: '148be712ab05d18435103dfacc693305') in 0.015041 seconds 
========================================================================
Received Import Request.
  Time since last request: 0.000528 seconds.
  path: Assets/Plastic 3.mat
  artifactKey: Guid(9c793941b9f1343728d1fb40247868f0) Importer(815301076,1909f56bfc062723c751e8b465ee728b)
Start importing Assets/Plastic 3.mat using Guid(9c793941b9f1343728d1fb40247868f0) Importer(815301076,1909f56bfc062723c751e8b465ee728b)  -> (artifact id: '769bfd9990551768ca8134330c79fb1d') in 0.012797 seconds 
========================================================================
Received Import Request.
  Time since last request: 0.002310 seconds.
  path: Assets/DashBoard Light_Heat_ Red Indicator.mat
  artifactKey: Guid(aa69b11eb1673422bbb06b8640d383f1) Importer(815301076,1909f56bfc062723c751e8b465ee728b)
Start importing Assets/DashBoard Light_Heat_ Red Indicator.mat using Guid(aa69b11eb1673422bbb06b8640d383f1) Importer(815301076,1909f56bfc062723c751e8b465ee728b)  -> (artifact id: 'a9d87ebd5f335e646efdfeae4b014f84') in 0.014109 seconds 
